<?xml version="1.0" encoding="UTF-8"?>
<!-- Generated by org.testng.reporters.JUnitXMLReporter -->
<testsuite ignored="2" hostname="LAPTOP-S80L74PF" failures="0" tests="1" name="Default test" time="10.174" errors="0" timestamp="2026-04-15T23:30:32 IST">
  <testcase classname="tests.FormValidationTest" name="verifyInvalidDateFormat" time="3.896"/>
  <testcase classname="tests.FormValidationTest" name="verifyDropdownSelection" time="0.0">
    <ignored/>
  </testcase> <!-- verifyDropdownSelection -->
  <testcase classname="tests.FormValidationTest" name="verifyEmptyMandatoryFields" time="0.0">
    <ignored/>
  </testcase> <!-- verifyEmptyMandatoryFields -->
</testsuite> <!-- Default test -->
