<?xml version="1.0" encoding="UTF-8"?>
<!-- Generated by org.testng.reporters.JUnitXMLReporter -->
<testsuite ignored="0" hostname="LAPTOP-S80L74PF" failures="0" tests="17" name="Parallel Tests" time="164.759" errors="0" timestamp="2026-04-15T23:36:26 IST">
  <testcase classname="tests.LoginTest" name="emptyLoginTest" time="1.704"/>
  <testcase classname="tests.LeaveTest" name="applyLeaveTest" time="7.365"/>
  <testcase classname="tests.LoginTest" name="loginTest" time="4.047"/>
  <testcase classname="tests.LeaveTest" name="applyPastDateLeaveTest" time="6.168"/>
  <testcase classname="tests.LoginTest" name="loginTest" time="4.813"/>
  <testcase classname="tests.LeaveTest" name="verifyLeavePageLoad" time="8.662"/>
  <testcase classname="tests.LoginTest" name="loginTest" time="4.453"/>
  <testcase classname="tests.LeaveTest" name="verifyLeaveStatusTest" time="6.226"/>
  <testcase classname="tests.LoginTest" name="logoutTest" time="6.319"/>
  <testcase classname="tests.DashboardTest" name="verifyDashboardLoads" time="3.66"/>
  <testcase classname="tests.FormValidationTest" name="verifyDropdownSelection" time="6.354"/>
  <testcase classname="tests.AdminTest" name="userManagementTest" time="40.719"/>
  <testcase classname="tests.FormValidationTest" name="verifyEmptyMandatoryFields" time="21.118"/>
  <testcase classname="tests.FormValidationTest" name="verifyInvalidDateFormat" time="3.695"/>
  <testcase classname="tests.PimTest" name="addEmployeeTest" time="27.783"/>
  <testcase classname="tests.PimTest" name="searchEmployeeTest" time="14.45"/>
  <testcase classname="tests.PimTest" name="invalidSearchTest" time="17.055"/>
</testsuite> <!-- Parallel Tests -->
