<?xml version="1.0" encoding="UTF-8"?>
<!-- Generated by org.testng.reporters.JUnitReportReporter -->
<testsuite hostname="LAPTOP-S80L74PF" failures="0" tests="4" name="tests.LeaveTest" time="47.868" errors="0" timestamp="2026-04-15T23:36:27 IST" skipped="0">
  <testcase classname="tests.LeaveTest" name="applyPastDateLeaveTest" time="8.867"/>
  <testcase classname="tests.LeaveTest" name="verifyLeavePageLoad" time="17.270"/>
  <testcase classname="tests.LeaveTest" name="verifyLeaveStatusTest" time="11.255"/>
  <testcase classname="tests.LeaveTest" name="applyLeaveTest" time="10.476"/>
</testsuite> <!-- tests.LeaveTest -->
