<?xml version="1.0" encoding="UTF-8"?>
<!-- Generated by org.testng.reporters.JUnitReportReporter -->
<testsuite hostname="LAPTOP-S80L74PF" failures="0" tests="3" name="tests.PimTest" time="72.407" errors="0" timestamp="2026-04-15T23:36:27 IST" skipped="0">
  <testcase classname="tests.PimTest" name="addEmployeeTest" time="32.909"/>
  <testcase classname="tests.PimTest" name="searchEmployeeTest" time="17.242"/>
  <testcase classname="tests.PimTest" name="invalidSearchTest" time="22.256"/>
</testsuite> <!-- tests.PimTest -->
