<?xml version="1.0" encoding="UTF-8"?>
<!-- Generated by org.testng.reporters.JUnitReportReporter -->
<testsuite hostname="LAPTOP-S80L74PF" failures="0" tests="3" name="tests.FormValidationTest" time="49.332" errors="0" timestamp="2026-04-15T23:36:27 IST" skipped="0">
  <testcase classname="tests.FormValidationTest" name="verifyEmptyMandatoryFields" time="25.650"/>
  <testcase classname="tests.FormValidationTest" name="verifyDropdownSelection" time="10.922"/>
  <testcase classname="tests.FormValidationTest" name="verifyInvalidDateFormat" time="12.760"/>
</testsuite> <!-- tests.FormValidationTest -->
