<?xml version="1.0" encoding="UTF-8"?>
<!-- Generated by org.testng.reporters.JUnitReportReporter -->
<testsuite hostname="LAPTOP-S80L74PF" failures="0" tests="5" name="tests.LoginTest" time="49.121" errors="0" timestamp="2026-04-15T23:36:27 IST" skipped="0">
  <testcase classname="tests.LoginTest" name="loginTest" time="8.169"/>
  <testcase classname="tests.LoginTest" name="emptyLoginTest" time="4.172"/>
  <testcase classname="tests.LoginTest" name="loginTest" time="13.566"/>
  <testcase classname="tests.LoginTest" name="logoutTest" time="11.707"/>
  <testcase classname="tests.LoginTest" name="loginTest" time="11.507"/>
</testsuite> <!-- tests.LoginTest -->
